<?xml version="1.0" encoding="UTF-8"?>
<testsuite name="edu.eci.arsw.blueprints.test.services.ApplicationServicesTests" time="0.01" tests="1" errors="1" skipped="0" failures="0">
  <properties>
[...]
</properties>
  <testcase name="initializationError" classname="edu.eci.arsw.blueprints.test.services.ApplicationServicesTests" time="0.01">
    <error message="Unable to find a @SpringBootConfiguration, you need to use @ContextConfiguration or @SpringBootTest(classes=...) with your test" type="java.lang.IllegalStateException"><![CDATA[java.lang.IllegalStateException: Unable to find a @SpringBootConfiguration, you need to use @ContextConfiguration or @SpringBootTest(classes=...) with your test
	at org.springframework.util.Assert.state(Assert.java:70)
	at org.springframework.boot.test.context.SpringBootTestContextBootstrapper.getOrFindConfigurationClasses(SpringBootTestContextBootstrapper.java:202)
	at org.springframework.boot.test.context.SpringBootTestContextBootstrapper.processMergedContextConfiguration(SpringBootTestContextBootstrapper.java:137)
	at org.springframework.test.context.support.AbstractTestContextBootstrapper.buildMergedContextConfiguration(AbstractTestContextBootstrapper.java:409)
	at org.springframework.test.context.support.AbstractTestContextBootstrapper.buildDefaultMergedContextConfiguration(AbstractTestContextBootstrapper.java:323)
	at org.springframework.test.context.support.AbstractTestContextBootstrapper.buildMergedContextConfiguration(AbstractTestContextBootstrapper.java:277)
	at org.springframework.test.context.support.AbstractTestContextBootstrapper.buildTestContext(AbstractTestContextBootstrapper.java:112)
	at org.springframework.boot.test.context.SpringBootTestContextBootstrapper.buildTestContext(SpringBootTestContextBootstrapper.java:82)
	at org.springframework.test.context.TestContextManager.<init>(TestContextManager.java:120)
	at org.springframework.test.context.TestContextManager.<init>(TestContextManager.java:105)
	at org.springframework.test.context.junit4.SpringJUnit4ClassRunner.createTestContextManager(SpringJUnit4ClassRunner.java:152)
	at org.springframework.test.context.junit4.SpringJUnit4ClassRunner.<init>(SpringJUnit4ClassRunner.java:143)
	at org.springframework.test.context.junit4.SpringRunner.<init>(SpringRunner.java:49)
	at java.base/jdk.internal.reflect.DirectConstructorHandleAccessor.newInstance(DirectConstructorHandleAccessor.java:67)
	at java.base/java.lang.reflect.Constructor.newInstanceWithCaller(Constructor.java:500)
	at java.base/java.lang.reflect.Constructor.newInstance(Constructor.java:484)
	at org.junit.internal.builders.AnnotatedBuilder.buildRunner(AnnotatedBuilder.java:104)
	at org.junit.internal.builders.AnnotatedBuilder.runnerForClass(AnnotatedBuilder.java:86)
	at org.junit.runners.model.RunnerBuilder.safeRunnerForClass(RunnerBuilder.java:59)
	at org.junit.internal.builders.AllDefaultPossibilitiesBuilder.runnerForClass(AllDefaultPossibilitiesBuilder.java:26)
	at org.junit.runners.model.RunnerBuilder.safeRunnerForClass(RunnerBuilder.java:59)
	at org.junit.internal.requests.ClassRequest.getRunner(ClassRequest.java:33)
	at org.apache.maven.surefire.junit4.JUnit4Provider.execute(JUnit4Provider.java:283)
	at org.apache.maven.surefire.junit4.JUnit4Provider.executeWithRerun(JUnit4Provider.java:173)
	at org.apache.maven.surefire.junit4.JUnit4Provider.executeTestSet(JUnit4Provider.java:153)
	at org.apache.maven.surefire.junit4.JUnit4Provider.invoke(JUnit4Provider.java:128)
	at org.apache.maven.surefire.booter.ForkedBooter.invokeProviderInSameClassLoader(ForkedBooter.java:203)
	at org.apache.maven.surefire.booter.ForkedBooter.runSuitesInProcess(ForkedBooter.java:155)
	at org.apache.maven.surefire.booter.ForkedBooter.main(ForkedBooter.java:103)
]]></error>
    <system-out><![CDATA[19:40:04.609 [main] DEBUG org.springframework.test.context.junit4.SpringJUnit4ClassRunner - SpringJUnit4ClassRunner constructor called with [class edu.eci.arsw.blueprints.test.services.ApplicationServicesTests]
19:40:04.614 [main] DEBUG org.springframework.test.context.BootstrapUtils - Instantiating CacheAwareContextLoaderDelegate from class [org.springframework.test.context.cache.DefaultCacheAwareContextLoaderDelegate]
19:40:04.623 [main] DEBUG org.springframework.test.context.BootstrapUtils - Instantiating BootstrapContext using constructor [public org.springframework.test.context.support.DefaultBootstrapContext(java.lang.Class,org.springframework.test.context.CacheAwareContextLoaderDelegate)]
19:40:04.645 [main] DEBUG org.springframework.test.context.BootstrapUtils - Instantiating TestContextBootstrapper for test class [edu.eci.arsw.blueprints.test.services.ApplicationServicesTests] from class [org.springframework.boot.test.context.SpringBootTestContextBootstrapper]
19:40:04.660 [main] INFO org.springframework.boot.test.context.SpringBootTestContextBootstrapper - Neither @ContextConfiguration nor @ContextHierarchy found for test class [edu.eci.arsw.blueprints.test.services.ApplicationServicesTests], using SpringBootContextLoader
19:40:04.664 [main] DEBUG org.springframework.test.context.support.AbstractContextLoader - Did not detect default resource location for test class [edu.eci.arsw.blueprints.test.services.ApplicationServicesTests]: class path resource [edu/eci/arsw/blueprints/test/services/ApplicationServicesTests-context.xml] does not exist
19:40:04.665 [main] DEBUG org.springframework.test.context.support.AbstractContextLoader - Did not detect default resource location for test class [edu.eci.arsw.blueprints.test.services.ApplicationServicesTests]: class path resource [edu/eci/arsw/blueprints/test/services/ApplicationServicesTestsContext.groovy] does not exist
19:40:04.665 [main] INFO org.springframework.test.context.support.AbstractContextLoader - Could not detect default resource locations for test class [edu.eci.arsw.blueprints.test.services.ApplicationServicesTests]: no resource found for suffixes {-context.xml, Context.groovy}.
19:40:04.666 [main] INFO org.springframework.test.context.support.AnnotationConfigContextLoaderUtils - Could not detect default configuration classes for test class [edu.eci.arsw.blueprints.test.services.ApplicationServicesTests]: ApplicationServicesTests does not declare any static, non-private, non-final, nested classes annotated with @Configuration.
19:40:04.795 [main] DEBUG org.springframework.test.context.support.ActiveProfilesUtils - Could not find an 'annotation declaring class' for annotation type [org.springframework.test.context.ActiveProfiles] and class [edu.eci.arsw.blueprints.test.services.ApplicationServicesTests]
19:40:04.802 [main] DEBUG org.springframework.core.env.StandardEnvironment - Adding [systemProperties] PropertySource with lowest search precedence
19:40:04.804 [main] DEBUG org.springframework.core.env.StandardEnvironment - Adding [systemEnvironment] PropertySource with lowest search precedence
19:40:04.804 [main] DEBUG org.springframework.core.env.StandardEnvironment - Initialized StandardEnvironment with PropertySources [systemProperties,systemEnvironment]
19:40:04.813 [main] DEBUG org.springframework.core.io.support.PathMatchingResourcePatternResolver - Resolved classpath location [edu/eci/arsw/blueprints/test/services/] to resources [URL [file:/c:/Users/nicol/Documents/ARSW/Lab5/Blueprints-Part-2/target/test-classes/edu/eci/arsw/blueprints/test/services/]]
19:40:04.813 [main] DEBUG org.springframework.core.io.support.PathMatchingResourcePatternResolver - Looking for matching resources in directory tree [c:\Users\nicol\Documents\ARSW\Lab5\Blueprints-Part-2\target\test-classes\edu\eci\arsw\blueprints\test\services]
19:40:04.813 [main] DEBUG org.springframework.core.io.support.PathMatchingResourcePatternResolver - Searching directory [c:\Users\nicol\Documents\ARSW\Lab5\Blueprints-Part-2\target\test-classes\edu\eci\arsw\blueprints\test\services] for files matching pattern [c:/Users/nicol/Documents/ARSW/Lab5/Blueprints-Part-2/target/test-classes/edu/eci/arsw/blueprints/test/services/*.class]
19:40:04.819 [main] DEBUG org.springframework.core.io.support.PathMatchingResourcePatternResolver - Resolved location pattern [classpath*:edu/eci/arsw/blueprints/test/services/*.class] to resources [file [c:\Users\nicol\Documents\ARSW\Lab5\Blueprints-Part-2\target\test-classes\edu\eci\arsw\blueprints\test\services\ApplicationServicesTests.class]]
19:40:04.840 [main] DEBUG org.springframework.core.io.support.PathMatchingResourcePatternResolver - Resolved classpath location [edu/eci/arsw/blueprints/test/] to resources [URL [file:/c:/Users/nicol/Documents/ARSW/Lab5/Blueprints-Part-2/target/test-classes/edu/eci/arsw/blueprints/test/]]
19:40:04.840 [main] DEBUG org.springframework.core.io.support.PathMatchingResourcePatternResolver - Looking for matching resources in directory tree [c:\Users\nicol\Documents\ARSW\Lab5\Blueprints-Part-2\target\test-classes\edu\eci\arsw\blueprints\test]
19:40:04.840 [main] DEBUG org.springframework.core.io.support.PathMatchingResourcePatternResolver - Searching directory [c:\Users\nicol\Documents\ARSW\Lab5\Blueprints-Part-2\target\test-classes\edu\eci\arsw\blueprints\test] for files matching pattern [c:/Users/nicol/Documents/ARSW/Lab5/Blueprints-Part-2/target/test-classes/edu/eci/arsw/blueprints/test/*.class]
19:40:04.841 [main] DEBUG org.springframework.core.io.support.PathMatchingResourcePatternResolver - Resolved location pattern [classpath*:edu/eci/arsw/blueprints/test/*.class] to resources []
19:40:04.842 [main] DEBUG org.springframework.core.io.support.PathMatchingResourcePatternResolver - Resolved classpath location [edu/eci/arsw/blueprints/] to resources [URL [file:/c:/Users/nicol/Documents/ARSW/Lab5/Blueprints-Part-2/target/test-classes/edu/eci/arsw/blueprints/], URL [file:/c:/Users/nicol/Documents/ARSW/Lab5/Blueprints-Part-2/target/classes/edu/eci/arsw/blueprints/]]
19:40:04.843 [main] DEBUG org.springframework.core.io.support.PathMatchingResourcePatternResolver - Looking for matching resources in directory tree [c:\Users\nicol\Documents\ARSW\Lab5\Blueprints-Part-2\target\test-classes\edu\eci\arsw\blueprints]
19:40:04.843 [main] DEBUG org.springframework.core.io.support.PathMatchingResourcePatternResolver - Searching directory [c:\Users\nicol\Documents\ARSW\Lab5\Blueprints-Part-2\target\test-classes\edu\eci\arsw\blueprints] for files matching pattern [c:/Users/nicol/Documents/ARSW/Lab5/Blueprints-Part-2/target/test-classes/edu/eci/arsw/blueprints/*.class]
19:40:04.844 [main] DEBUG org.springframework.core.io.support.PathMatchingResourcePatternResolver - Looking for matching resources in directory tree [c:\Users\nicol\Documents\ARSW\Lab5\Blueprints-Part-2\target\classes\edu\eci\arsw\blueprints]
19:40:04.844 [main] DEBUG org.springframework.core.io.support.PathMatchingResourcePatternResolver - Searching directory [c:\Users\nicol\Documents\ARSW\Lab5\Blueprints-Part-2\target\classes\edu\eci\arsw\blueprints] for files matching pattern [c:/Users/nicol/Documents/ARSW/Lab5/Blueprints-Part-2/target/classes/edu/eci/arsw/blueprints/*.class]
19:40:04.847 [main] DEBUG org.springframework.core.io.support.PathMatchingResourcePatternResolver - Resolved location pattern [classpath*:edu/eci/arsw/blueprints/*.class] to resources []
19:40:04.848 [main] DEBUG org.springframework.core.io.support.PathMatchingResourcePatternResolver - Resolved classpath location [edu/eci/arsw/] to resources [URL [file:/c:/Users/nicol/Documents/ARSW/Lab5/Blueprints-Part-2/target/test-classes/edu/eci/arsw/], URL [file:/c:/Users/nicol/Documents/ARSW/Lab5/Blueprints-Part-2/target/classes/edu/eci/arsw/]]
19:40:04.848 [main] DEBUG org.springframework.core.io.support.PathMatchingResourcePatternResolver - Looking for matching resources in directory tree [c:\Users\nicol\Documents\ARSW\Lab5\Blueprints-Part-2\target\test-classes\edu\eci\arsw]
19:40:04.848 [main] DEBUG org.springframework.core.io.support.PathMatchingResourcePatternResolver - Searching directory [c:\Users\nicol\Documents\ARSW\Lab5\Blueprints-Part-2\target\test-classes\edu\eci\arsw] for files matching pattern [c:/Users/nicol/Documents/ARSW/Lab5/Blueprints-Part-2/target/test-classes/edu/eci/arsw/*.class]
19:40:04.849 [main] DEBUG org.springframework.core.io.support.PathMatchingResourcePatternResolver - Looking for matching resources in directory tree [c:\Users\nicol\Documents\ARSW\Lab5\Blueprints-Part-2\target\classes\edu\eci\arsw]
19:40:04.850 [main] DEBUG org.springframework.core.io.support.PathMatchingResourcePatternResolver - Searching directory [c:\Users\nicol\Documents\ARSW\Lab5\Blueprints-Part-2\target\classes\edu\eci\arsw] for files matching pattern [c:/Users/nicol/Documents/ARSW/Lab5/Blueprints-Part-2/target/classes/edu/eci/arsw/*.class]
19:40:04.851 [main] DEBUG org.springframework.core.io.support.PathMatchingResourcePatternResolver - Resolved location pattern [classpath*:edu/eci/arsw/*.class] to resources []
19:40:04.851 [main] DEBUG org.springframework.core.io.support.PathMatchingResourcePatternResolver - Resolved classpath location [edu/eci/] to resources [URL [file:/c:/Users/nicol/Documents/ARSW/Lab5/Blueprints-Part-2/target/test-classes/edu/eci/], URL [file:/c:/Users/nicol/Documents/ARSW/Lab5/Blueprints-Part-2/target/classes/edu/eci/]]
19:40:04.851 [main] DEBUG org.springframework.core.io.support.PathMatchingResourcePatternResolver - Looking for matching resources in directory tree [c:\Users\nicol\Documents\ARSW\Lab5\Blueprints-Part-2\target\test-classes\edu\eci]
19:40:04.852 [main] DEBUG org.springframework.core.io.support.PathMatchingResourcePatternResolver - Searching directory [c:\Users\nicol\Documents\ARSW\Lab5\Blueprints-Part-2\target\test-classes\edu\eci] for files matching pattern [c:/Users/nicol/Documents/ARSW/Lab5/Blueprints-Part-2/target/test-classes/edu/eci/*.class]
19:40:04.852 [main] DEBUG org.springframework.core.io.support.PathMatchingResourcePatternResolver - Looking for matching resources in directory tree [c:\Users\nicol\Documents\ARSW\Lab5\Blueprints-Part-2\target\classes\edu\eci]
19:40:04.852 [main] DEBUG org.springframework.core.io.support.PathMatchingResourcePatternResolver - Searching directory [c:\Users\nicol\Documents\ARSW\Lab5\Blueprints-Part-2\target\classes\edu\eci] for files matching pattern [c:/Users/nicol/Documents/ARSW/Lab5/Blueprints-Part-2/target/classes/edu/eci/*.class]
19:40:04.854 [main] DEBUG org.springframework.core.io.support.PathMatchingResourcePatternResolver - Resolved location pattern [classpath*:edu/eci/*.class] to resources []
19:40:04.854 [main] DEBUG org.springframework.core.io.support.PathMatchingResourcePatternResolver - Resolved classpath location [edu/] to resources [URL [file:/c:/Users/nicol/Documents/ARSW/Lab5/Blueprints-Part-2/target/test-classes/edu/], URL [file:/c:/Users/nicol/Documents/ARSW/Lab5/Blueprints-Part-2/target/classes/edu/]]
19:40:04.854 [main] DEBUG org.springframework.core.io.support.PathMatchingResourcePatternResolver - Looking for matching resources in directory tree [c:\Users\nicol\Documents\ARSW\Lab5\Blueprints-Part-2\target\test-classes\edu]
19:40:04.855 [main] DEBUG org.springframework.core.io.support.PathMatchingResourcePatternResolver - Searching directory [c:\Users\nicol\Documents\ARSW\Lab5\Blueprints-Part-2\target\test-classes\edu] for files matching pattern [c:/Users/nicol/Documents/ARSW/Lab5/Blueprints-Part-2/target/test-classes/edu/*.class]
19:40:04.855 [main] DEBUG org.springframework.core.io.support.PathMatchingResourcePatternResolver - Looking for matching resources in directory tree [c:\Users\nicol\Documents\ARSW\Lab5\Blueprints-Part-2\target\classes\edu]
19:40:04.855 [main] DEBUG org.springframework.core.io.support.PathMatchingResourcePatternResolver - Searching directory [c:\Users\nicol\Documents\ARSW\Lab5\Blueprints-Part-2\target\classes\edu] for files matching pattern [c:/Users/nicol/Documents/ARSW/Lab5/Blueprints-Part-2/target/classes/edu/*.class]
19:40:04.856 [main] DEBUG org.springframework.core.io.support.PathMatchingResourcePatternResolver - Resolved location pattern [classpath*:edu/*.class] to resources []
19:40:04.860 [main] DEBUG org.springframework.test.context.junit4.SpringJUnit4ClassRunner - SpringJUnit4ClassRunner constructor called with [class edu.eci.arsw.blueprints.test.services.ApplicationServicesTests]
19:40:04.861 [main] DEBUG org.springframework.test.context.BootstrapUtils - Instantiating CacheAwareContextLoaderDelegate from class [org.springframework.test.context.cache.DefaultCacheAwareContextLoaderDelegate]
19:40:04.861 [main] DEBUG org.springframework.test.context.BootstrapUtils - Instantiating BootstrapContext using constructor [public org.springframework.test.context.support.DefaultBootstrapContext(java.lang.Class,org.springframework.test.context.CacheAwareContextLoaderDelegate)]
19:40:04.861 [main] DEBUG org.springframework.test.context.BootstrapUtils - Instantiating TestContextBootstrapper for test class [edu.eci.arsw.blueprints.test.services.ApplicationServicesTests] from class [org.springframework.boot.test.context.SpringBootTestContextBootstrapper]
19:40:04.862 [main] INFO org.springframework.boot.test.context.SpringBootTestContextBootstrapper - Neither @ContextConfiguration nor @ContextHierarchy found for test class [edu.eci.arsw.blueprints.test.services.ApplicationServicesTests], using SpringBootContextLoader
19:40:04.863 [main] DEBUG org.springframework.test.context.support.AbstractContextLoader - Did not detect default resource location for test class [edu.eci.arsw.blueprints.test.services.ApplicationServicesTests]: class path resource [edu/eci/arsw/blueprints/test/services/ApplicationServicesTests-context.xml] does not exist
19:40:04.863 [main] DEBUG org.springframework.test.context.support.AbstractContextLoader - Did not detect default resource location for test class [edu.eci.arsw.blueprints.test.services.ApplicationServicesTests]: class path resource [edu/eci/arsw/blueprints/test/services/ApplicationServicesTestsContext.groovy] does not exist
19:40:04.863 [main] INFO org.springframework.test.context.support.AbstractContextLoader - Could not detect default resource locations for test class [edu.eci.arsw.blueprints.test.services.ApplicationServicesTests]: no resource found for suffixes {-context.xml, Context.groovy}.
19:40:04.864 [main] INFO org.springframework.test.context.support.AnnotationConfigContextLoaderUtils - Could not detect default configuration classes for test class [edu.eci.arsw.blueprints.test.services.ApplicationServicesTests]: ApplicationServicesTests does not declare any static, non-private, non-final, nested classes annotated with @Configuration.
19:40:04.873 [main] DEBUG org.springframework.test.context.support.ActiveProfilesUtils - Could not find an 'annotation declaring class' for annotation type [org.springframework.test.context.ActiveProfiles] and class [edu.eci.arsw.blueprints.test.services.ApplicationServicesTests]
19:40:04.873 [main] DEBUG org.springframework.core.env.StandardEnvironment - Adding [systemProperties] PropertySource with lowest search precedence
19:40:04.873 [main] DEBUG org.springframework.core.env.StandardEnvironment - Adding [systemEnvironment] PropertySource with lowest search precedence
19:40:04.873 [main] DEBUG org.springframework.core.env.StandardEnvironment - Initialized StandardEnvironment with PropertySources [systemProperties,systemEnvironment]
19:40:04.874 [main] DEBUG org.springframework.core.io.support.PathMatchingResourcePatternResolver - Resolved classpath location [edu/eci/arsw/blueprints/test/services/] to resources [URL [file:/c:/Users/nicol/Documents/ARSW/Lab5/Blueprints-Part-2/target/test-classes/edu/eci/arsw/blueprints/test/services/]]
19:40:04.874 [main] DEBUG org.springframework.core.io.support.PathMatchingResourcePatternResolver - Looking for matching resources in directory tree [c:\Users\nicol\Documents\ARSW\Lab5\Blueprints-Part-2\target\test-classes\edu\eci\arsw\blueprints\test\services]
19:40:04.874 [main] DEBUG org.springframework.core.io.support.PathMatchingResourcePatternResolver - Searching directory [c:\Users\nicol\Documents\ARSW\Lab5\Blueprints-Part-2\target\test-classes\edu\eci\arsw\blueprints\test\services] for files matching pattern [c:/Users/nicol/Documents/ARSW/Lab5/Blueprints-Part-2/target/test-classes/edu/eci/arsw/blueprints/test/services/*.class]
19:40:04.875 [main] DEBUG org.springframework.core.io.support.PathMatchingResourcePatternResolver - Resolved location pattern [classpath*:edu/eci/arsw/blueprints/test/services/*.class] to resources [file [c:\Users\nicol\Documents\ARSW\Lab5\Blueprints-Part-2\target\test-classes\edu\eci\arsw\blueprints\test\services\ApplicationServicesTests.class]]
19:40:04.877 [main] DEBUG org.springframework.core.io.support.PathMatchingResourcePatternResolver - Resolved classpath location [edu/eci/arsw/blueprints/test/] to resources [URL [file:/c:/Users/nicol/Documents/ARSW/Lab5/Blueprints-Part-2/target/test-classes/edu/eci/arsw/blueprints/test/]]
19:40:04.877 [main] DEBUG org.springframework.core.io.support.PathMatchingResourcePatternResolver - Looking for matching resources in directory tree [c:\Users\nicol\Documents\ARSW\Lab5\Blueprints-Part-2\target\test-classes\edu\eci\arsw\blueprints\test]
19:40:04.878 [main] DEBUG org.springframework.core.io.support.PathMatchingResourcePatternResolver - Searching directory [c:\Users\nicol\Documents\ARSW\Lab5\Blueprints-Part-2\target\test-classes\edu\eci\arsw\blueprints\test] for files matching pattern [c:/Users/nicol/Documents/ARSW/Lab5/Blueprints-Part-2/target/test-classes/edu/eci/arsw/blueprints/test/*.class]
19:40:04.879 [main] DEBUG org.springframework.core.io.support.PathMatchingResourcePatternResolver - Resolved location pattern [classpath*:edu/eci/arsw/blueprints/test/*.class] to resources []
19:40:04.879 [main] DEBUG org.springframework.core.io.support.PathMatchingResourcePatternResolver - Resolved classpath location [edu/eci/arsw/blueprints/] to resources [URL [file:/c:/Users/nicol/Documents/ARSW/Lab5/Blueprints-Part-2/target/test-classes/edu/eci/arsw/blueprints/], URL [file:/c:/Users/nicol/Documents/ARSW/Lab5/Blueprints-Part-2/target/classes/edu/eci/arsw/blueprints/]]
19:40:04.879 [main] DEBUG org.springframework.core.io.support.PathMatchingResourcePatternResolver - Looking for matching resources in directory tree [c:\Users\nicol\Documents\ARSW\Lab5\Blueprints-Part-2\target\test-classes\edu\eci\arsw\blueprints]
19:40:04.880 [main] DEBUG org.springframework.core.io.support.PathMatchingResourcePatternResolver - Searching directory [c:\Users\nicol\Documents\ARSW\Lab5\Blueprints-Part-2\target\test-classes\edu\eci\arsw\blueprints] for files matching pattern [c:/Users/nicol/Documents/ARSW/Lab5/Blueprints-Part-2/target/test-classes/edu/eci/arsw/blueprints/*.class]
19:40:04.880 [main] DEBUG org.springframework.core.io.support.PathMatchingResourcePatternResolver - Looking for matching resources in directory tree [c:\Users\nicol\Documents\ARSW\Lab5\Blueprints-Part-2\target\classes\edu\eci\arsw\blueprints]
19:40:04.881 [main] DEBUG org.springframework.core.io.support.PathMatchingResourcePatternResolver - Searching directory [c:\Users\nicol\Documents\ARSW\Lab5\Blueprints-Part-2\target\classes\edu\eci\arsw\blueprints] for files matching pattern [c:/Users/nicol/Documents/ARSW/Lab5/Blueprints-Part-2/target/classes/edu/eci/arsw/blueprints/*.class]
19:40:04.882 [main] DEBUG org.springframework.core.io.support.PathMatchingResourcePatternResolver - Resolved location pattern [classpath*:edu/eci/arsw/blueprints/*.class] to resources []
19:40:04.883 [main] DEBUG org.springframework.core.io.support.PathMatchingResourcePatternResolver - Resolved classpath location [edu/eci/arsw/] to resources [URL [file:/c:/Users/nicol/Documents/ARSW/Lab5/Blueprints-Part-2/target/test-classes/edu/eci/arsw/], URL [file:/c:/Users/nicol/Documents/ARSW/Lab5/Blueprints-Part-2/target/classes/edu/eci/arsw/]]
19:40:04.883 [main] DEBUG org.springframework.core.io.support.PathMatchingResourcePatternResolver - Looking for matching resources in directory tree [c:\Users\nicol\Documents\ARSW\Lab5\Blueprints-Part-2\target\test-classes\edu\eci\arsw]
19:40:04.885 [main] DEBUG org.springframework.core.io.support.PathMatchingResourcePatternResolver - Searching directory [c:\Users\nicol\Documents\ARSW\Lab5\Blueprints-Part-2\target\test-classes\edu\eci\arsw] for files matching pattern [c:/Users/nicol/Documents/ARSW/Lab5/Blueprints-Part-2/target/test-classes/edu/eci/arsw/*.class]
19:40:04.887 [main] DEBUG org.springframework.core.io.support.PathMatchingResourcePatternResolver - Looking for matching resources in directory tree [c:\Users\nicol\Documents\ARSW\Lab5\Blueprints-Part-2\target\classes\edu\eci\arsw]
19:40:04.887 [main] DEBUG org.springframework.core.io.support.PathMatchingResourcePatternResolver - Searching directory [c:\Users\nicol\Documents\ARSW\Lab5\Blueprints-Part-2\target\classes\edu\eci\arsw] for files matching pattern [c:/Users/nicol/Documents/ARSW/Lab5/Blueprints-Part-2/target/classes/edu/eci/arsw/*.class]
19:40:04.888 [main] DEBUG org.springframework.core.io.support.PathMatchingResourcePatternResolver - Resolved location pattern [classpath*:edu/eci/arsw/*.class] to resources []
19:40:04.888 [main] DEBUG org.springframework.core.io.support.PathMatchingResourcePatternResolver - Resolved classpath location [edu/eci/] to resources [URL [file:/c:/Users/nicol/Documents/ARSW/Lab5/Blueprints-Part-2/target/test-classes/edu/eci/], URL [file:/c:/Users/nicol/Documents/ARSW/Lab5/Blueprints-Part-2/target/classes/edu/eci/]]
19:40:04.888 [main] DEBUG org.springframework.core.io.support.PathMatchingResourcePatternResolver - Looking for matching resources in directory tree [c:\Users\nicol\Documents\ARSW\Lab5\Blueprints-Part-2\target\test-classes\edu\eci]
19:40:04.889 [main] DEBUG org.springframework.core.io.support.PathMatchingResourcePatternResolver - Searching directory [c:\Users\nicol\Documents\ARSW\Lab5\Blueprints-Part-2\target\test-classes\edu\eci] for files matching pattern [c:/Users/nicol/Documents/ARSW/Lab5/Blueprints-Part-2/target/test-classes/edu/eci/*.class]
19:40:04.889 [main] DEBUG org.springframework.core.io.support.PathMatchingResourcePatternResolver - Looking for matching resources in directory tree [c:\Users\nicol\Documents\ARSW\Lab5\Blueprints-Part-2\target\classes\edu\eci]
19:40:04.889 [main] DEBUG org.springframework.core.io.support.PathMatchingResourcePatternResolver - Searching directory [c:\Users\nicol\Documents\ARSW\Lab5\Blueprints-Part-2\target\classes\edu\eci] for files matching pattern [c:/Users/nicol/Documents/ARSW/Lab5/Blueprints-Part-2/target/classes/edu/eci/*.class]
19:40:04.890 [main] DEBUG org.springframework.core.io.support.PathMatchingResourcePatternResolver - Resolved location pattern [classpath*:edu/eci/*.class] to resources []
19:40:04.891 [main] DEBUG org.springframework.core.io.support.PathMatchingResourcePatternResolver - Resolved classpath location [edu/] to resources [URL [file:/c:/Users/nicol/Documents/ARSW/Lab5/Blueprints-Part-2/target/test-classes/edu/], URL [file:/c:/Users/nicol/Documents/ARSW/Lab5/Blueprints-Part-2/target/classes/edu/]]
19:40:04.891 [main] DEBUG org.springframework.core.io.support.PathMatchingResourcePatternResolver - Looking for matching resources in directory tree [c:\Users\nicol\Documents\ARSW\Lab5\Blueprints-Part-2\target\test-classes\edu]
19:40:04.893 [main] DEBUG org.springframework.core.io.support.PathMatchingResourcePatternResolver - Searching directory [c:\Users\nicol\Documents\ARSW\Lab5\Blueprints-Part-2\target\test-classes\edu] for files matching pattern [c:/Users/nicol/Documents/ARSW/Lab5/Blueprints-Part-2/target/test-classes/edu/*.class]
19:40:04.893 [main] DEBUG org.springframework.core.io.support.PathMatchingResourcePatternResolver - Looking for matching resources in directory tree [c:\Users\nicol\Documents\ARSW\Lab5\Blueprints-Part-2\target\classes\edu]
19:40:04.894 [main] DEBUG org.springframework.core.io.support.PathMatchingResourcePatternResolver - Searching directory [c:\Users\nicol\Documents\ARSW\Lab5\Blueprints-Part-2\target\classes\edu] for files matching pattern [c:/Users/nicol/Documents/ARSW/Lab5/Blueprints-Part-2/target/classes/edu/*.class]
19:40:04.894 [main] DEBUG org.springframework.core.io.support.PathMatchingResourcePatternResolver - Resolved location pattern [classpath*:edu/*.class] to resources []
]]></system-out>
  </testcase>
</testsuite>